
> dev
> vite --port 3000

Port 3000 is in use, trying another one...
Port 3001 is in use, trying another one...
Port 3002 is in use, trying another one...
Port 3003 is in use, trying another one...
Port 3004 is in use, trying another one...
Port 3005 is in use, trying another one...
Port 3006 is in use, trying another one...
Port 3007 is in use, trying another one...
Port 3008 is in use, trying another one...
Port 3009 is in use, trying another one...

  VITE v5.4.19  ready in 117 ms

  ➜  Local:   http://localhost:3010/
  ➜  Network: http://172.20.0.19:3010/
node:internal/process/promises:394
    triggerUncaughtException(err, true /* fromPromise */);
    ^

[Failed to load PostCSS config: Failed to load PostCSS config (searchPath: /home/daytona/app): [ReferenceError] module is not defined in ES module scope
This file is being treated as an ES module because it has a '.js' file extension and '/home/daytona/app/package.json' contains "type": "module". To treat it as a CommonJS script, rename it to use the '.cjs' file extension.
ReferenceError: module is not defined in ES module scope
This file is being treated as an ES module because it has a '.js' file extension and '/home/daytona/app/package.json' contains "type": "module". To treat it as a CommonJS script, rename it to use the '.cjs' file extension.
    at file:///home/daytona/app/postcss.config.js:1:1
    at ModuleJob.run (node:internal/modules/esm/module_job:365:25)
    at async onImport.tracePromise.__proto__ (node:internal/modules/esm/loader:665:26)
    at async importDefault (file:///home/daytona/app/node_modules/vite/dist/node/chunks/dep-C6uTJdX2.js:33759:18)
    at async Object.search (file:///home/daytona/app/node_modules/vite/dist/node/chunks/dep-C6uTJdX2.js:25915:23)]

Node.js v24.3.0
